[debug] > Exec(early(addDefaultCommands), None, None)
[debug] > Exec(addDefaultCommands, None, None)
[debug] > Exec(early(initialize), None, None)
[debug] > Exec(initialize, None, None)
[debug] > Exec(early(addPluginSbtFile="""C:\Users\vital\AppData\Local\Temp\idea.sbt"""), None, None)
[debug] > Exec(addPluginSbtFile="""C:\Users\vital\AppData\Local\Temp\idea.sbt""", None, None)
[debug] > Exec(boot, None, None)
[debug] > Exec(writeSbtVersion, None, None)
[debug] > Exec(reload, None, None)
[debug] > Exec(sbtStashOnFailure, None, None)
[debug] > Exec(onFailure loadFailed, None, None)
[debug] > Exec(loadp, None, None)
[info] welcome to sbt 1.5.5 (Oracle Corporation Java 17)
[debug]       Load.loadUnit: plugins took 54.1139ms
[debug]       Load.loadUnit: defsScala took 0.1742ms
[debug] [Loading] Scanning directory C:\Users\vital\.sbt\1.0\plugins
[debug] [Loading] Found non-root projects 
[debug] [Loading] Done in C:\Users\vital\.sbt\1.0\plugins, returning: ()
[debug] deducing auto plugins based on known facts Set(Atom(sbt.plugins.CorePlugin)) and clauses Clauses(Clause(Atom(sbt.plugins.JvmPlugin),Set(Atom(sbt.plugins.IvyPlugin)))
[debug] Clause(Atom(sbt.ScriptedPlugin),Set(Atom(sbt.plugins.JvmPlugin)))
[debug] Clause(Atom(sbt.plugins.SbtPlugin),Set(Atom(sbt.ScriptedPlugin)))
[debug] Clause(Atom(sbt.plugins.SemanticdbPlugin),Set(Atom(sbt.plugins.JvmPlugin)))
[debug] Clause(Atom(sbt.plugins.JUnitXmlReportPlugin),Set(Atom(sbt.plugins.JvmPlugin)))
[debug] Clause(Atom(sbt.plugins.MiniDependencyTreePlugin),Set(Atom(sbt.plugins.JvmPlugin)))
[debug] Clause(Atom(sbt.plugins.CorePlugin),Set(Atom(sbt.plugins.IvyPlugin)))
[debug] Clause(Atom(sbt.plugins.IvyPlugin),Set(Atom(sbt.plugins.JvmPlugin)))
[debug] Clause(Atom(sbt.plugins.JvmPlugin),Set(Atom(sbt.plugins.SemanticdbPlugin)))
[debug] Clause(Atom(sbt.plugins.JvmPlugin),Set(Atom(sbt.plugins.JUnitXmlReportPlugin)))
[debug] Clause(Atom(sbt.plugins.CorePlugin),Set(Atom(sbt.plugins.Giter8TemplatePlugin)))
[debug] Clause(Atom(sbt.plugins.JvmPlugin),Set(Atom(sbt.plugins.MiniDependencyTreePlugin))))
[debug]   :: deduced result: Matched(sbt.plugins.CorePlugin,sbt.plugins.Giter8TemplatePlugin,sbt.plugins.IvyPlugin,sbt.plugins.JvmPlugin,sbt.plugins.MiniDependencyTreePlugin,sbt.plugins.JUnitXmlReportPlugin,sbt.plugins.SemanticdbPlugin)
[debug] Plugins.deducer#function took 8.9997 ms
[debug]           Load.resolveProject(global-plugins) took 25.595ms
[debug]         Load.loadTransitive: finalizeProject(Project(id global-plugins, base: C:\Users\vital\.sbt\1.0\plugins, plugins: List(<none>))) took 47.107ms
[debug] [Loading] Done in C:\Users\vital\.sbt\1.0\plugins, returning: (global-plugins)
[debug]       Load.loadUnit: loadedProjectsRaw took 59.6202ms
[debug]       Load.loadUnit: cleanEvalClasses took 0.1308ms
[debug]     Load.loadUnit(file:/C:/Users/vital/.sbt/1.0/plugins/, ...) took 119.8301ms
[debug]   Load.apply: load took 229.4498ms
[debug]   Load.apply: resolveProjects took 3.4656ms
[debug]   Load.apply: finalTransforms took 37.1894ms
[debug]   Load.apply: config.delegates took 5.7145ms
[debug]   Load.apply: Def.make(settings)... took 344.702ms
[debug]   Load.apply: structureIndex took 85.0286ms
[debug]   Load.apply: mkStreams took 2.5637ms
[info] loading global plugins from C:\Users\vital\.sbt\1.0\plugins
[debug] Running task... Cancel: Signal, check cycles: false, forcegc: true
[debug] Load.defaultLoad until apply took 1881.9816ms
[debug]           Load.loadUnit: plugins took 18.0556ms
[debug]           Load.loadUnit: defsScala took 0.0028ms
[debug] [Loading] Scanning directory B:\Scala\Search for duplicates\project
[debug]             Load.loadUnit: mkEval took 2.9074ms
[debug] [Loading] Found non-root projects 
[debug] [Loading] Done in B:\Scala\Search for duplicates\project, returning: ()
[debug] deducing auto plugins based on known facts Set(Atom(sbt.plugins.CorePlugin)) and clauses Clauses(Clause(Atom(sbt.plugins.JvmPlugin),Set(Atom(sbt.plugins.IvyPlugin)))
[debug] Clause(Atom(sbt.ScriptedPlugin),Set(Atom(sbt.plugins.JvmPlugin)))
[debug] Clause(Atom(sbt.plugins.SbtPlugin),Set(Atom(sbt.ScriptedPlugin)))
[debug] Clause(Atom(sbt.plugins.SemanticdbPlugin),Set(Atom(sbt.plugins.JvmPlugin)))
[debug] Clause(Atom(sbt.plugins.JUnitXmlReportPlugin),Set(Atom(sbt.plugins.JvmPlugin)))
[debug] Clause(Atom(sbt.plugins.MiniDependencyTreePlugin),Set(Atom(sbt.plugins.JvmPlugin)))
[debug] Clause(Atom(sbt.plugins.CorePlugin),Set(Atom(sbt.plugins.IvyPlugin)))
[debug] Clause(Atom(sbt.plugins.IvyPlugin),Set(Atom(sbt.plugins.JvmPlugin)))
[debug] Clause(Atom(sbt.plugins.JvmPlugin),Set(Atom(sbt.plugins.SemanticdbPlugin)))
[debug] Clause(Atom(sbt.plugins.JvmPlugin),Set(Atom(sbt.plugins.JUnitXmlReportPlugin)))
[debug] Clause(Atom(sbt.plugins.CorePlugin),Set(Atom(sbt.plugins.Giter8TemplatePlugin)))
[debug] Clause(Atom(sbt.plugins.JvmPlugin),Set(Atom(sbt.plugins.MiniDependencyTreePlugin))))
[debug]   :: deduced result: Matched(sbt.plugins.CorePlugin,sbt.plugins.Giter8TemplatePlugin,sbt.plugins.IvyPlugin,sbt.plugins.JvmPlugin,sbt.plugins.MiniDependencyTreePlugin,sbt.plugins.JUnitXmlReportPlugin,sbt.plugins.SemanticdbPlugin)
[debug] Plugins.deducer#function took 1.2969 ms
[info] loading settings for project search-for-duplicates-build from idea.sbt ...
[debug]               Load.resolveProject(search-for-duplicates-build) took 1.5318ms
[debug]             Load.loadTransitive: finalizeProject(Project(id search-for-duplicates-build, base: B:\Scala\Search for duplicates\project, plugins: List(<none>))) took 3.1638ms
[debug] [Loading] Done in B:\Scala\Search for duplicates\project, returning: (search-for-duplicates-build)
[debug]           Load.loadUnit: loadedProjectsRaw took 80.4035ms
[debug]           Load.loadUnit: cleanEvalClasses took 3.1115ms
[debug]         Load.loadUnit(file:/B:/Scala/Search%20for%20duplicates/project/, ...) took 102.1552ms
[debug]       Load.apply: load took 103.1419ms
[debug]       Load.apply: resolveProjects took 0.0677ms
[debug]       Load.apply: finalTransforms took 6.0599ms
[debug]       Load.apply: config.delegates took 0.4358ms
[debug]       Load.apply: Def.make(settings)... took 51.3597ms
[debug]       Load.apply: structureIndex took 23.7055ms
[debug]       Load.apply: mkStreams took 0.0019ms
[info] loading project definition from B:\Scala\Search for duplicates\project
[debug] Running task... Cancel: Signal, check cycles: false, forcegc: true
[warn] Unrecognized repository Scala Plugin Bundled Repository, ignoring it
[debug]     Load.loadUnit: plugins took 1066.821ms
[debug]     Load.loadUnit: defsScala took 0.0024ms
[debug] [Loading] Scanning directory B:\Scala\Search for duplicates
[debug]       Load.loadUnit: mkEval took 0.1511ms
[debug] [Loading] Found non-root projects 
[debug] [Loading] Done in B:\Scala\Search for duplicates, returning: ()
[debug] deducing auto plugins based on known facts Set(Atom(sbt.plugins.CorePlugin)) and clauses Clauses(Clause(Atom(sbt.plugins.JvmPlugin),Set(Atom(sbt.plugins.IvyPlugin)))
[debug] Clause(Atom(sbt.ScriptedPlugin),Set(Atom(sbt.plugins.JvmPlugin)))
[debug] Clause(Atom(sbt.plugins.SbtPlugin),Set(Atom(sbt.ScriptedPlugin)))
[debug] Clause(Atom(sbt.plugins.SemanticdbPlugin),Set(Atom(sbt.plugins.JvmPlugin)))
[debug] Clause(Atom(sbt.plugins.JUnitXmlReportPlugin),Set(Atom(sbt.plugins.JvmPlugin)))
[debug] Clause(Atom(sbt.plugins.MiniDependencyTreePlugin),Set(Atom(sbt.plugins.JvmPlugin)))
[debug] Clause(Atom(org.jetbrains.sbt.StructurePlugin),Set(Atom(sbt.plugins.JvmPlugin)))
[debug] Clause(Atom(org.jetbrains.sbt.IdeaShellPlugin),Set(Atom(sbt.plugins.JvmPlugin)))
[debug] Clause(Atom(org.jetbrains.sbt.indices.SbtIntellijIndicesPlugin),Set(Atom(sbt.plugins.JvmPlugin)))
[debug] Clause(Atom(sbt.plugins.CorePlugin),Set(Atom(sbt.plugins.IvyPlugin)))
[debug] Clause(Atom(sbt.plugins.IvyPlugin),Set(Atom(sbt.plugins.JvmPlugin)))
[debug] Clause(Atom(sbt.plugins.JvmPlugin),Set(Atom(sbt.plugins.SemanticdbPlugin)))
[debug] Clause(Atom(sbt.plugins.JvmPlugin),Set(Atom(sbt.plugins.JUnitXmlReportPlugin)))
[debug] Clause(Atom(sbt.plugins.CorePlugin),Set(Atom(sbt.plugins.Giter8TemplatePlugin)))
[debug] Clause(Atom(sbt.plugins.JvmPlugin),Set(Atom(sbt.plugins.MiniDependencyTreePlugin)))
[debug] Clause(Atom(sbt.plugins.JvmPlugin),Set(Atom(org.jetbrains.sbt.StructurePlugin)))
[debug] Clause(Atom(sbt.plugins.JvmPlugin),Set(Atom(org.jetbrains.sbt.IdeaShellPlugin)))
[debug] Clause(And(Set(Atom(sbt.plugins.CorePlugin), Atom(sbt.plugins.JvmPlugin))),Set(Atom(org.jetbrains.sbt.indices.SbtIntellijIndicesPlugin))))
[debug]   :: deduced result: Matched(sbt.plugins.CorePlugin,sbt.plugins.Giter8TemplatePlugin,sbt.plugins.IvyPlugin,sbt.plugins.JvmPlugin,sbt.plugins.SemanticdbPlugin,org.jetbrains.sbt.indices.SbtIntellijIndicesPlugin,sbt.plugins.JUnitXmlReportPlugin,org.jetbrains.sbt.IdeaShellPlugin,org.jetbrains.sbt.StructurePlugin,sbt.plugins.MiniDependencyTreePlugin)
[debug] Plugins.deducer#function took 2.0956 ms
[info] loading settings for project search-for-duplicates from build.sbt ...
[debug]         Load.resolveProject(search-for-duplicates) took 24.1323ms
[debug]       Load.loadTransitive: finalizeProject(Project(id search-for-duplicates, base: B:\Scala\Search for duplicates, plugins: List(<none>))) took 27.7249ms
[debug] [Loading] Done in B:\Scala\Search for duplicates, returning: (search-for-duplicates)
[debug]     Load.loadUnit: loadedProjectsRaw took 1323.9909ms
[debug]     Load.loadUnit: cleanEvalClasses took 6.3153ms
[debug]   Load.loadUnit(file:/B:/Scala/Search%20for%20duplicates/, ...) took 2397.9253ms
[debug] Load.apply: load took 2399.518ms
[debug] Load.apply: resolveProjects took 0.1201ms
[debug] Load.apply: finalTransforms took 17.0619ms
[debug] Load.apply: config.delegates took 0.2589ms
[debug] Load.apply: Def.make(settings)... took 41.5599ms
[debug] Load.apply: structureIndex took 17.1099ms
[debug] Load.apply: mkStreams took 0.0029ms
[info] set current project to 1 (in build file:/B:/Scala/Search%20for%20duplicates/)
[debug] > Exec(sbtPopOnFailure, None, None)
[debug] > Exec(resumeFromFailure, None, None)
[debug] > Exec(notifyUsersAboutShell, None, None)
[debug] > Exec(iflast shell, None, None)
[debug] > Exec(; set ideaPort in Global := 51253 ; idea-shell, None, None)
[debug] > Exec(set ideaPort in Global := 51253, None, None)
[info] Defining Global / ideaPort
[info] The new value will be used by Compile / compile, Test / compile
[debug] Defining 
[debug] 	Global / ideaPort
[debug] 
[debug] The new value will be used by 
[debug] 	Compile / compile
[debug] 	Test / compile
[info] Reapplying settings...
[info] set current project to 1 (in build file:/B:/Scala/Search%20for%20duplicates/)
[debug] > Exec(idea-shell, None, None)
